<?xml version="1.0" encoding="UTF-8"?>
<testsuite xmlns:xsi="http://www.w3.org/2001/XMLSchema-instance" xsi:noNamespaceSchemaLocation="https://maven.apache.org/surefire/maven-surefire-plugin/xsd/surefire-test-report.xsd" version="3.0.2" name="com.thesis.accounts_microservice.AccountsMicroserviceApplicationTests" time="4.632" tests="1" errors="0" skipped="0" failures="0">
  <properties>
[...]
</properties>
  <testcase name="contextLoads" classname="com.thesis.accounts_microservice.AccountsMicroserviceApplicationTests" time="0.362">
    <system-out><![CDATA[20:47:26.394 [main] INFO org.springframework.test.context.support.AnnotationConfigContextLoaderUtils -- Could not detect default configuration classes for test class [com.thesis.accounts_microservice.AccountsMicroserviceApplicationTests]: AccountsMicroserviceApplicationTests does not declare any static, non-private, non-final, nested classes annotated with @Configuration.
20:47:26.482 [main] INFO org.springframework.boot.test.context.SpringBootTestContextBootstrapper -- Found @SpringBootConfiguration com.thesis.accounts_microservice.AccountsMicroserviceApplication for test class com.thesis.accounts_microservice.AccountsMicroserviceApplicationTests
20:47:26.630 [main] INFO org.springframework.boot.devtools.restart.RestartApplicationListener -- Restart disabled due to context in which it is running

  .   ____          _            __ _ _
 /\\ / ___'_ __ _ _(_)_ __  __ _ \ \ \ \
( ( )\___ | '_ | '_| | '_ \/ _` | \ \ \ \
 \\/  ___)| |_)| | | | | || (_| |  ) ) ) )
  '  |____| .__|_| |_|_| |_\__, | / / / /
 =========|_|==============|___/=/_/_/_/

 :: Spring Boot ::                (v4.0.1)

2026-01-08T20:47:26.872+01:00  INFO 29472 --- [accounts-microservice] [           main] t.a.AccountsMicroserviceApplicationTests : Starting AccountsMicroserviceApplicationTests using Java 21.0.9 with PID 29472 (started by sdz in C:\Users\sdz\IdeaProjects\accounts-microservice)
2026-01-08T20:47:26.873+01:00  INFO 29472 --- [accounts-microservice] [           main] t.a.AccountsMicroserviceApplicationTests : No active profile set, falling back to 1 default profile: "default"
2026-01-08T20:47:27.695+01:00  INFO 29472 --- [accounts-microservice] [           main] .s.d.r.c.RepositoryConfigurationDelegate : Bootstrapping Spring Data JPA repositories in DEFAULT mode.
2026-01-08T20:47:27.716+01:00  INFO 29472 --- [accounts-microservice] [           main] .s.d.r.c.RepositoryConfigurationDelegate : Finished Spring Data repository scanning in 10 ms. Found 0 JPA repository interfaces.
2026-01-08T20:47:28.248+01:00  INFO 29472 --- [accounts-microservice] [           main] com.zaxxer.hikari.HikariDataSource       : HikariPool-1 - Starting...
2026-01-08T20:47:28.470+01:00  INFO 29472 --- [accounts-microservice] [           main] com.zaxxer.hikari.pool.HikariPool        : HikariPool-1 - Added connection conn0: url=jdbc:h2:mem:08fadd11-d26a-4341-b51f-ed9d072561eb user=SA
2026-01-08T20:47:28.473+01:00  INFO 29472 --- [accounts-microservice] [           main] com.zaxxer.hikari.HikariDataSource       : HikariPool-1 - Start completed.
2026-01-08T20:47:28.528+01:00  INFO 29472 --- [accounts-microservice] [           main] org.hibernate.orm.jpa                    : HHH008540: Processing PersistenceUnitInfo [name: default]
2026-01-08T20:47:28.676+01:00  INFO 29472 --- [accounts-microservice] [           main] org.hibernate.orm.core                   : HHH000001: Hibernate ORM core version 7.2.0.Final
2026-01-08T20:47:29.154+01:00  INFO 29472 --- [accounts-microservice] [           main] o.s.o.j.p.SpringPersistenceUnitInfo      : No LoadTimeWeaver setup: ignoring JPA class transformer
2026-01-08T20:47:29.227+01:00  INFO 29472 --- [accounts-microservice] [           main] org.hibernate.orm.connections.pooling    : HHH10001005: Database info:
	Database JDBC URL [jdbc:h2:mem:08fadd11-d26a-4341-b51f-ed9d072561eb]
	Database driver: H2 JDBC Driver
	Database dialect: H2Dialect
	Database version: 2.4.240
	Default catalog/schema: 08FADD11-D26A-4341-B51F-ED9D072561EB/PUBLIC
	Autocommit mode: undefined/unknown
	Isolation level: READ_COMMITTED [default READ_COMMITTED]
	JDBC fetch size: 100
	Pool: DataSourceConnectionProvider
	Minimum pool size: undefined/unknown
	Maximum pool size: undefined/unknown
2026-01-08T20:47:29.557+01:00  INFO 29472 --- [accounts-microservice] [           main] org.hibernate.orm.core                   : HHH000489: No JTA platform available (set 'hibernate.transaction.jta.platform' to enable JTA platform integration)
2026-01-08T20:47:29.564+01:00  INFO 29472 --- [accounts-microservice] [           main] j.LocalContainerEntityManagerFactoryBean : Initialized JPA EntityManagerFactory for persistence unit 'default'
2026-01-08T20:47:29.648+01:00  WARN 29472 --- [accounts-microservice] [           main] JpaBaseConfiguration$JpaWebConfiguration : spring.jpa.open-in-view is enabled by default. Therefore, database queries may be performed during view rendering. Explicitly configure spring.jpa.open-in-view to disable this warning
2026-01-08T20:47:30.307+01:00  INFO 29472 --- [accounts-microservice] [           main] o.s.b.a.e.web.EndpointLinksResolver      : Exposing 1 endpoint beneath base path '/actuator'
2026-01-08T20:47:30.392+01:00  INFO 29472 --- [accounts-microservice] [           main] t.a.AccountsMicroserviceApplicationTests : Started AccountsMicroserviceApplicationTests in 3.772 seconds (process running for 4.83)
]]></system-out>
    <system-err><![CDATA[Mockito is currently self-attaching to enable the inline-mock-maker. This will no longer work in future releases of the JDK. Please add Mockito as an agent to your build as described in Mockito's documentation: https://javadoc.io/doc/org.mockito/mockito-core/latest/org.mockito/org/mockito/Mockito.html#0.3
WARNING: A Java agent has been loaded dynamically (C:\Users\sdz\.m2\repository\net\bytebuddy\byte-buddy-agent\1.17.8\byte-buddy-agent-1.17.8.jar)
WARNING: If a serviceability tool is in use, please run with -XX:+EnableDynamicAgentLoading to hide this warning
WARNING: If a serviceability tool is not in use, please run with -Djdk.instrument.traceUsage for more information
WARNING: Dynamic loading of agents will be disallowed by default in a future release
]]></system-err>
  </testcase>
</testsuite>